#
# There is insufficient memory for the Java Runtime Environment to continue.
# Native memory allocation (mmap) failed to map 536870912 bytes for G1 virtual space
# Possible reasons:
#   The system is out of physical RAM or swap space
#   The process is running with CompressedOops enabled, and the Java Heap may be blocking the growth of the native heap
# Possible solutions:
#   Reduce memory load on the system
#   Increase physical memory or swap space
#   Check if swap backing store is full
#   Decrease Java heap size (-Xmx/-Xms)
#   Decrease number of Java threads
#   Decrease Java thread stack sizes (-Xss)
#   Set larger code cache with -XX:ReservedCodeCacheSize=
#   JVM is running with Zero Based Compressed Oops mode in which the Java heap is
#     placed in the first 32GB address space. The Java Heap base address is the
#     maximum limit for the native heap growth. Please use -XX:HeapBaseMinAddress
#     to set the Java Heap base and to place the Java Heap above 32GB virtual address.
# This output file may be truncated or incomplete.
#
#  Out of Memory Error (os_windows.cpp:3753), pid=21724, tid=23992
#
# JRE version:  (17.0.4.1+7) (build )
# Java VM: OpenJDK 64-Bit Server VM (17.0.4.1+7-b469.62, mixed mode, sharing, tiered, compressed oops, compressed class ptrs, g1 gc, windows-amd64)
# No core dump will be written. Minidumps are not enabled by default on client versions of Windows
#

---------------  S U M M A R Y ------------

Command Line: git4idea.http.GitAskPassApp Username for 'https://github.com': 

Host: AMD Ryzen 5 3600 6-Core Processor              , 12 cores, 31G,  Windows 10 , 64 bit Build 19041 (10.0.19041.5198)
Time: Wed Jan  8 03:07:40 2025 GMT Standard Time elapsed time: 0.010273 seconds (0d 0h 0m 0s)

---------------  T H R E A D  ---------------

Current thread (0x000001f4aaddb700):  JavaThread "Unknown thread" [_thread_in_vm, id=23992, stack(0x000000ec8b800000,0x000000ec8b900000)]

Stack: [0x000000ec8b800000,0x000000ec8b900000]
Native frames: (J=compiled Java code, j=interpreted, Vv=VM code, C=native code)
V  [jvm.dll+0x68356a]
V  [jvm.dll+0x83fab4]
V  [jvm.dll+0x84125e]
V  [jvm.dll+0x8418c3]
V  [jvm.dll+0x249735]
V  [jvm.dll+0x680439]
V  [jvm.dll+0x674a7a]
V  [jvm.dll+0x30956b]
V  [jvm.dll+0x310a26]
V  [jvm.dll+0x36089e]
V  [jvm.dll+0x360acf]
V  [jvm.dll+0x2df658]
V  [jvm.dll+0x2e05c4]
V  [jvm.dll+0x8112a1]
V  [jvm.dll+0x36e6f1]
V  [jvm.dll+0x7f076c]
V  [jvm.dll+0x3f180f]
V  [jvm.dll+0x3f3351]
C  [jli.dll+0x526b]
C  [ucrtbase.dll+0x21bb2]
C  [KERNEL32.DLL+0x17374]
C  [ntdll.dll+0x4cc91]


---------------  P R O C E S S  ---------------

Threads class SMR info:
_java_thread_list=0x00007ff84b627f58, length=0, elements={
}

Java Threads: ( => current thread )

Other Threads:
  0x000001f4aae89ed0 GCTaskThread "GC Thread#0" [stack: 0x000000ec8b900000,0x000000ec8ba00000] [id=23904]
  0x000001f4aae9ad60 ConcurrentGCThread "G1 Main Marker" [stack: 0x000000ec8ba00000,0x000000ec8bb00000] [id=31664]
  0x000001f4aae9bf10 ConcurrentGCThread "G1 Conc#0" [stack: 0x000000ec8bb00000,0x000000ec8bc00000] [id=31520]

[error occurred during error reporting (printing all threads), id 0xc0000005, EXCEPTION_ACCESS_VIOLATION (0xc0000005) at pc=0x00007ff84ade0217]

VM state: not at safepoint (not fully initialized)

VM Mutex/Monitor currently owned by a thread:  ([mutex/lock_event])
[0x000001f4aadd79f0] Heap_lock - owner thread: 0x000001f4aaddb700

Heap address: 0x0000000601400000, size: 8172 MB, Compressed Oops mode: Zero based, Oop shift amount: 3

CDS archive(s) mapped at: [0x0000000000000000-0x0000000000000000-0x0000000000000000), size 0, SharedBaseAddress: 0x0000000800000000, ArchiveRelocationMode: 0.
Narrow klass base: 0x0000000000000000, Narrow klass shift: 0, Narrow klass range: 0x0

GC Precious Log:
<Empty>

Heap:
 garbage-first heap   total 0K, used 0K [0x0000000601400000, 0x0000000800000000)
  region size 4096K, 0 young (0K), 0 survivors (0K)

[error occurred during error reporting (printing heap information), id 0xc0000005, EXCEPTION_ACCESS_VIOLATION (0xc0000005) at pc=0x00007ff84b1cd1f9]

GC Heap History (0 events):
No events

Deoptimization events (0 events):
No events

Classes unloaded (0 events):
No events

Classes redefined (0 events):
No events

Internal exceptions (0 events):
No events

VM Operations (0 events):
No events

Events (1 events):
Event: 0.007 Loaded shared library S:\Program Files(x86)\IntelliJ IDEA 2022.2.3\jbr\bin\java.dll


Dynamic libraries:
0x00007ff69b5c0000 - 0x00007ff69b5ca000 	S:\Program Files(x86)\IntelliJ IDEA 2022.2.3\jbr\bin\java.exe
0x00007ff8eeed0000 - 0x00007ff8ef0c8000 	C:\WINDOWS\SYSTEM32\ntdll.dll
0x00007ff8eedc0000 - 0x00007ff8eee82000 	C:\WINDOWS\System32\KERNEL32.DLL
0x00007ff8ec640000 - 0x00007ff8ec93e000 	C:\WINDOWS\System32\KERNELBASE.dll
0x00007ff8dc390000 - 0x00007ff8dc3ab000 	S:\Program Files(x86)\IntelliJ IDEA 2022.2.3\jbr\bin\VCRUNTIME140.dll
0x00007ff8ec940000 - 0x00007ff8eca40000 	C:\WINDOWS\System32\ucrtbase.dll
0x00007ff8dc3b0000 - 0x00007ff8dc3c7000 	S:\Program Files(x86)\IntelliJ IDEA 2022.2.3\jbr\bin\jli.dll
0x00007ff8eec20000 - 0x00007ff8eedbd000 	C:\WINDOWS\System32\USER32.dll
0x00007ff8d5ec0000 - 0x00007ff8d615a000 	C:\WINDOWS\WinSxS\amd64_microsoft.windows.common-controls_6595b64144ccf1df_6.0.19041.4355_none_60b8b9eb71f62e16\COMCTL32.dll
0x00007ff8ec610000 - 0x00007ff8ec632000 	C:\WINDOWS\System32\win32u.dll
0x00007ff8edd60000 - 0x00007ff8eddfe000 	C:\WINDOWS\System32\msvcrt.dll
0x00007ff8edd30000 - 0x00007ff8edd5b000 	C:\WINDOWS\System32\GDI32.dll
0x00007ff8ecb60000 - 0x00007ff8ecc77000 	C:\WINDOWS\System32\gdi32full.dll
0x00007ff8ec570000 - 0x00007ff8ec60d000 	C:\WINDOWS\System32\msvcp_win.dll
0x00007ff8ede00000 - 0x00007ff8ede2f000 	C:\WINDOWS\System32\IMM32.DLL
0x00007ff8cca80000 - 0x00007ff8cca8c000 	S:\Program Files(x86)\IntelliJ IDEA 2022.2.3\jbr\bin\vcruntime140_1.dll
0x00007ff8c4e20000 - 0x00007ff8c4ead000 	S:\Program Files(x86)\IntelliJ IDEA 2022.2.3\jbr\bin\msvcp140.dll
0x00007ff84aaf0000 - 0x00007ff84b759000 	S:\Program Files(x86)\IntelliJ IDEA 2022.2.3\jbr\bin\server\jvm.dll
0x00007ff8ee180000 - 0x00007ff8ee231000 	C:\WINDOWS\System32\ADVAPI32.dll
0x00007ff8ee240000 - 0x00007ff8ee2df000 	C:\WINDOWS\System32\sechost.dll
0x00007ff8ee370000 - 0x00007ff8ee493000 	C:\WINDOWS\System32\RPCRT4.dll
0x00007ff8ecd10000 - 0x00007ff8ecd37000 	C:\WINDOWS\System32\bcrypt.dll
0x00007ff8eec10000 - 0x00007ff8eec18000 	C:\WINDOWS\System32\PSAPI.DLL
0x00007ff8e88a0000 - 0x00007ff8e88a9000 	C:\WINDOWS\SYSTEM32\WSOCK32.dll
0x00007ff8daef0000 - 0x00007ff8daf17000 	C:\WINDOWS\SYSTEM32\WINMM.dll
0x00007ff8e62f0000 - 0x00007ff8e62fa000 	C:\WINDOWS\SYSTEM32\VERSION.dll
0x00007ff8ee000000 - 0x00007ff8ee06b000 	C:\WINDOWS\System32\WS2_32.dll
0x00007ff8ead70000 - 0x00007ff8ead82000 	C:\WINDOWS\SYSTEM32\kernel.appcore.dll
0x00007ff8e8980000 - 0x00007ff8e898a000 	S:\Program Files(x86)\IntelliJ IDEA 2022.2.3\jbr\bin\jimage.dll
0x00007ff8ea0e0000 - 0x00007ff8ea2c4000 	C:\WINDOWS\SYSTEM32\DBGHELP.DLL
0x00007ff8be260000 - 0x00007ff8be294000 	C:\WINDOWS\SYSTEM32\dbgcore.DLL
0x00007ff8ecc80000 - 0x00007ff8ecd02000 	C:\WINDOWS\System32\bcryptPrimitives.dll
0x00007ff8a1a10000 - 0x00007ff8a1a35000 	S:\Program Files(x86)\IntelliJ IDEA 2022.2.3\jbr\bin\java.dll

dbghelp: loaded successfully - version: 4.0.5 - missing functions: none
symbol engine: initialized successfully - sym options: 0x614 - pdb path: .;S:\Program Files(x86)\IntelliJ IDEA 2022.2.3\jbr\bin;C:\WINDOWS\SYSTEM32;C:\WINDOWS\WinSxS\amd64_microsoft.windows.common-controls_6595b64144ccf1df_6.0.19041.4355_none_60b8b9eb71f62e16;S:\Program Files(x86)\IntelliJ IDEA 2022.2.3\jbr\bin\server

VM Arguments:
java_command: git4idea.http.GitAskPassApp Username for 'https://github.com': 
java_class_path (initial): S:/Program Files(x86)/IntelliJ IDEA 2022.2.3/plugins/git4idea/lib/git4idea-rt.jar;S:/Program Files(x86)/IntelliJ IDEA 2022.2.3/lib/externalProcess-rt.jar;S:/Program Files(x86)/IntelliJ IDEA 2022.2.3/lib/app.jar;S:/Program Files(x86)/IntelliJ IDEA 2022.2.3/lib/3rd-party-rt.jar
Launcher Type: SUN_STANDARD

[Global flags]
     intx CICompilerCount                          = 4                                         {product} {ergonomic}
     uint ConcGCThreads                            = 3                                         {product} {ergonomic}
     uint G1ConcRefinementThreads                  = 10                                        {product} {ergonomic}
   size_t G1HeapRegionSize                         = 4194304                                   {product} {ergonomic}
    uintx GCDrainStackTargetSize                   = 64                                        {product} {ergonomic}
   size_t InitialHeapSize                          = 536870912                                 {product} {ergonomic}
   size_t MarkStackSize                            = 4194304                                   {product} {ergonomic}
   size_t MaxHeapSize                              = 8568963072                                {product} {ergonomic}
   size_t MinHeapDeltaBytes                        = 4194304                                   {product} {ergonomic}
   size_t MinHeapSize                              = 8388608                                   {product} {ergonomic}
    uintx NonNMethodCodeHeapSize                   = 5839372                                {pd product} {ergonomic}
    uintx NonProfiledCodeHeapSize                  = 122909434                              {pd product} {ergonomic}
    uintx ProfiledCodeHeapSize                     = 122909434                              {pd product} {ergonomic}
    uintx ReservedCodeCacheSize                    = 251658240                              {pd product} {ergonomic}
     bool SegmentedCodeCache                       = true                                      {product} {ergonomic}
   size_t SoftMaxHeapSize                          = 8568963072                             {manageable} {ergonomic}
     bool UseCompressedClassPointers               = true                           {product lp64_product} {ergonomic}
     bool UseCompressedOops                        = true                           {product lp64_product} {ergonomic}
     bool UseG1GC                                  = true                                      {product} {ergonomic}
     bool UseLargePagesIndividualAllocation        = false                                  {pd product} {ergonomic}

Logging:
Log output configuration:
 #0: stdout all=warning uptime,level,tags
 #1: stderr all=off uptime,level,tags

Environment Variables:
JAVA_HOME=C:\Program Files\Java\jdk-23
PATH=C:/Program Files/Git/mingw64/libexec/git-core;C:/Program Files/Git/mingw64/libexec/git-core;C:\Program Files\Git\mingw64\bin;C:\Program Files\Git\usr\bin;C:\Users\HomeBrew\bin;C:\Program Files\Common Files\Oracle\Java\javapath;C:\Program Files (x86)\Common Files\Oracle\Java\javapath;c:\programdata\oracle\java\javapath;c:\windows\system32;c:\windows;c:\windows\system32\wbem;c:\windows\system32\windowspowershell\v1.0\;C:\WINDOWS\system32;C:\WINDOWS;C:\WINDOWS\system32\wbem;C:\WINDOWS\system32\windowspowershell\v1.0\;C:\PHP;C:\xampp;C:\WINDOWS\System32\Wbem;C:\WINDOWS\System32\WindowsPowerShell\v1.0\;C:\xampp\php;C:\GitExtensions\;C:\WINDOWS\System32\OpenSSH\;C:\WINDOWS\system32;C:\WINDOWS;C:\WINDOWS\System32\Wbem;C:\WINDOWS\System32\WindowsPowerShell\v1.0\;C:\WINDOWS\System32\OpenSSH\;C:\Program Files\dotnet\;C:\Program Files\Git\cmd;C:\Program Files\PuTTY\;C:\Program Files\NVIDIA Corporation\NVIDIA app\NvDLISR;C:\Program Files (x86)\NVIDIA Corporation\PhysX\Common;C:\Program Files\Docker\Docker\resources\bin;S:\Program Files(x86)\apache-maven-3.9.9\bin;C:\Program Files\Java\jdk-23\bin;C:\Users\HomeBrew\AppData\Local\Programs\Python\Python313\Scripts\;C:\Users\HomeBrew\AppData\Local\Programs\Python\Python313\;C:\Program Files\MySQL\MySQL Shell 8.0\bin\;C:\Users\HomeBrew\AppData\Local\Microsoft\WindowsApps;C:\Users\HomeBrew\AppData\Local\GitHubDesktop\bin;C:\Users\HomeBrew\AppData\Local\Microsoft\WindowsApps;M:\Program Files\PHP;C:\Users\HomeBrew\AppData\Local\Programs\Microsoft VS Code\bin
USERNAME=HomeBrew
DISPLAY=:0.0
LC_ALL=en_US.UTF-8
TERM=cygwin
TMPDIR=C:\Users\HomeBrew\AppData\Local\Temp
OS=Windows_NT
PROCESSOR_IDENTIFIER=AMD64 Family 23 Model 113 Stepping 0, AuthenticAMD
TMP=C:\Users\HomeBrew\AppData\Local\Temp
TEMP=C:\Users\HomeBrew\AppData\Local\Temp



---------------  S Y S T E M  ---------------

OS:
 Windows 10 , 64 bit Build 19041 (10.0.19041.5198)
OS uptime: 0 days 3:50 hours
Hyper-V role detected

CPU: total 12 (initial active 12) (12 cores per cpu, 2 threads per core) family 23 model 113 stepping 0 microcode 0x0, cx8, cmov, fxsr, ht, mmx, 3dnowpref, sse, sse2, sse3, ssse3, sse4a, sse4.1, sse4.2, popcnt, lzcnt, tsc, tscinvbit, avx, avx2, aes, clmul, bmi1, bmi2, adx, sha, fma, vzeroupper, clflush, clflushopt, hv

Memory: 4k page, system-wide physical 32675M (7104M free)
TotalPageFile size 32675M (AvailPageFile size 123M)
current process WorkingSet (physical memory assigned to process): 10M, peak: 10M
current process commit charge ("private bytes"): 64M, peak: 576M

vm_info: OpenJDK 64-Bit Server VM (17.0.4.1+7-b469.62) for windows-amd64 JRE (17.0.4.1+7-b469.62), built on 2022-09-22 by "builduser" with MS VC++ 16.10 / 16.11 (VS2019)

END.
